<?xml version="1.0" encoding="UTF-8"?>
<testsuite name="TaskTest" tests="3" skipped="0" failures="0" errors="0" timestamp="2015-08-19T17:27:01" hostname="epicodus-103.local" time="0.003">
  <properties/>
  <testcase name="isCompleted_isFalseAfterInstantiaon_false" classname="TaskTest" time="0.001"/>
  <testcase name="task_instantiatesWithDescription_true" classname="TaskTest" time="0.0"/>
  <testcase name="Task_instantiatesCorrectly_true" classname="TaskTest" time="0.001"/>
  <system-out><![CDATA[]]></system-out>
  <system-err><![CDATA[]]></system-err>
</testsuite>
